<?xml version="1.0" encoding="UTF-8"?>
<testsuite name="VowelsTest" tests="2" skipped="0" failures="0" errors="0" timestamp="2016-04-22T21:11:51" hostname="Tom-Joness-MacBook-Pro.local" time="0.005">
  <properties/>
  <testcase name="replaceVowel_forLetter_A" classname="VowelsTest" time="0.004"/>
  <testcase name="replaceVowel_forLetter_E" classname="VowelsTest" time="0.0"/>
  <system-out><![CDATA[]]></system-out>
  <system-err><![CDATA[]]></system-err>
</testsuite>
