<?xml version="1.0" encoding="UTF-8"?>
<testsuite name="VowelsTest" tests="1" skipped="0" failures="0" errors="0" timestamp="2016-04-22T21:07:48" hostname="Tom-Joness-MacBook-Pro.local" time="0.007">
  <properties/>
  <testcase name="replaceVowel_forLetter_A" classname="VowelsTest" time="0.007"/>
  <system-out><![CDATA[]]></system-out>
  <system-err><![CDATA[]]></system-err>
</testsuite>
